<?xml version="1.0" encoding="UTF-8"?>
<!-- Generated by org.testng.reporters.JUnitXMLReporter -->
<testsuite ignored="2" hostname="LP-PG02JDJH" failures="0" tests="1" name="Default test" time="21.093" errors="0" timestamp="2023-06-05T11:44:45 IST">
  <testcase classname="paypal.Test.Hackathon1Test" name="verifyBusiness" time="9.468"/>
  <testcase classname="paypal.Test.Hackathon1Test" name="embedIntoExcel" time="0.0">
    <ignored/>
  </testcase> <!-- embedIntoExcel -->
  <testcase classname="paypal.Test.Hackathon1Test" name="verifyUserSignUp" time="0.0">
    <ignored/>
  </testcase> <!-- verifyUserSignUp -->
</testsuite> <!-- Default test -->
