<?xml version="1.0" encoding="UTF-8"?>
<testng-results ignored="2" total="3" passed="1" failed="0" skipped="0">
  <reporter-output>
  </reporter-output>
  <suite started-at="2023-06-05T11:44:24 IST" name="Default suite" finished-at="2023-06-05T11:44:45 IST" duration-ms="21093">
    <groups>
    </groups>
    <test started-at="2023-06-05T11:44:24 IST" name="Default test" finished-at="2023-06-05T11:44:45 IST" duration-ms="21093">
      <class name="paypal.Test.Hackathon1Test">
        <test-method is-config="true" signature="launch()[pri:0, instance:paypal.Test.Hackathon1Test@9f116cc]" started-at="2023-06-05T11:44:24 IST" name="launch" finished-at="2023-06-05T11:44:35 IST" duration-ms="11233" status="PASS">
          <reporter-output>
          </reporter-output>
        </test-method> <!-- launch -->
        <test-method signature="verifyBusiness()[pri:2, instance:paypal.Test.Hackathon1Test@9f116cc]" started-at="2023-06-05T11:44:35 IST" name="verifyBusiness" finished-at="2023-06-05T11:44:45 IST" duration-ms="9468" status="PASS">
          <reporter-output>
          </reporter-output>
        </test-method> <!-- verifyBusiness -->
        <test-method is-config="true" signature="getcreenshot(org.testng.ITestResult)[pri:0, instance:paypal.Test.Hackathon1Test@9f116cc]" started-at="2023-06-05T11:44:45 IST" name="getcreenshot" finished-at="2023-06-05T11:44:45 IST" duration-ms="341" status="PASS">
          <params>
            <param index="0">
              <value>
                <![CDATA[[TestResult name=verifyBusiness status=SUCCESS method=Hackathon1Test.verifyBusiness()[pri:2, instance:paypal.Test.Hackathon1Test@9f116cc] output={null}]]]>
              </value>
            </param>
          </params>
          <reporter-output>
          </reporter-output>
        </test-method> <!-- getcreenshot -->
      </class> <!-- paypal.Test.Hackathon1Test -->
    </test> <!-- Default test -->
  </suite> <!-- Default suite -->
</testng-results>
