<?xml version="1.0" encoding="UTF-8"?>
<!-- Generated by org.testng.reporters.JUnitXMLReporter -->
<testsuite ignored="0" hostname="LP-PG02JDJH" failures="0" tests="5" name="Test" time="327.943" errors="0" timestamp="2023-06-02T18:19:40 IST">
  <testcase classname="paypal.Test.Hackathon1Test" name="verifyUserSignUp" time="64.215"/>
  <testcase classname="paypal.Test.Hackathon1Test" name="embedIntoExcel" time="2.171"/>
  <testcase classname="paypal.Test.Hackathon1Test" name="verifyBusiness" time="14.991"/>
  <testcase classname="paypal.Test.Hackaton2Test" name="compareSnap" time="3.574"/>
  <testcase classname="paypal.Test.Hackaton2Test" name="embedIntoText" time="7.256"/>
</testsuite> <!-- Test -->
